<?xml version="1.0" encoding="UTF-8"?>
<!-- Generated by org.testng.reporters.JUnitXMLReporter -->
<testsuite hostname="Appylappy" ignored="0" name="chaitra" tests="1" failures="0" timestamp="27 Sep 2018 10:16:22 GMT" time="21.988" errors="0">
  <testcase name="@BeforeMethod openApplication" time="21.87" classname="generic.BaseTest">
    <failure type="java.lang.NullPointerException">
      <![CDATA[java.lang.NullPointerException
at generic.BaseTest.openApplication(BaseTest.java:31)
... Removed 28 stack frames]]>
    </failure>
  </testcase> <!-- @BeforeMethod openApplication -->
  <testcase name="@AfterMethod closeApplication" time="0.004" classname="generic.BaseTest">
    <failure type="java.lang.NullPointerException">
      <![CDATA[java.lang.NullPointerException
at generic.BaseTest.closeApplication(BaseTest.java:47)
... Removed 28 stack frames]]>
    </failure>
  </testcase> <!-- @AfterMethod closeApplication -->
  <testcase name="testA" time="0.0" classname="script.TestDemo">
    <skipped/>
  </testcase> <!-- testA -->
</testsuite> <!-- chaitra -->
