<?xml version="1.0" encoding="UTF-8"?>
<testng-results skipped="0" failed="0" ignored="0" total="1" passed="1">
  <reporter-output>
    <line>
      <![CDATA[admin]]>
    </line>
    <line>
      <![CDATA[manager]]>
    </line>
    <line>
      <![CDATA[Test : TestB is Passed]]>
    </line>
  </reporter-output>
  <suite name="Default suite" duration-ms="54941" started-at="2018-10-01T05:36:53Z" finished-at="2018-10-01T05:37:48Z">
    <groups>
    </groups>
    <test name="Default test" duration-ms="54941" started-at="2018-10-01T05:36:53Z" finished-at="2018-10-01T05:37:48Z">
      <class name="script.TestDemo2">
        <test-method status="PASS" signature="openApplication(java.lang.String, java.lang.String)[pri:0, instance:script.TestDemo2@343f4d3d]" name="openApplication" is-config="true" duration-ms="37101" started-at="2018-10-01T05:36:53Z" finished-at="2018-10-01T05:37:30Z">
          <params>
            <param index="0">
              <value>
                <![CDATA[localhost]]>
              </value>
            </param>
            <param index="1">
              <value>
                <![CDATA[chrome]]>
              </value>
            </param>
          </params>
          <reporter-output>
          </reporter-output>
        </test-method> <!-- openApplication -->
        <test-method status="PASS" signature="TestB()[pri:0, instance:script.TestDemo2@343f4d3d]" name="TestB" duration-ms="16172" started-at="2018-10-01T05:37:30Z" finished-at="2018-10-01T05:37:46Z">
          <reporter-output>
            <line>
              <![CDATA[admin]]>
            </line>
            <line>
              <![CDATA[manager]]>
            </line>
          </reporter-output>
        </test-method> <!-- TestB -->
        <test-method status="PASS" signature="closeApplication(org.testng.ITestResult)[pri:0, instance:script.TestDemo2@343f4d3d]" name="closeApplication" is-config="true" duration-ms="1529" started-at="2018-10-01T05:37:46Z" finished-at="2018-10-01T05:37:48Z">
          <params>
            <param index="0">
              <value>
                <![CDATA[[TestResult name=TestB status=SUCCESS method=TestDemo2.TestB()[pri:0, instance:script.TestDemo2@343f4d3d] output=admin]]]>
              </value>
            </param>
          </params>
          <reporter-output>
            <line>
              <![CDATA[Test : TestB is Passed]]>
            </line>
          </reporter-output>
        </test-method> <!-- closeApplication -->
      </class> <!-- script.TestDemo2 -->
    </test> <!-- Default test -->
  </suite> <!-- Default suite -->
</testng-results>
